[32mConfigured folder ./icrl/wandb/run-20220706_100214-tep990fo/files for saving
[32mName: JTL-v0_CJTL-v0_dnc_True_dno_True_dnr_True_ws_True_s_83_sid_-1
cpu
/usr/lib/python3/dist-packages/pkg_resources/_vendor/pyparsing.py:943: DeprecationWarning: Using or importing the ABCs from 'collections' instead of from 'collections.abc' is deprecated since Python 3.3, and in 3.10 it will stop working
  collections.MutableMapping.register(ParseResults)
/usr/lib/python3/dist-packages/pkg_resources/_vendor/pyparsing.py:943: DeprecationWarning: Using or importing the ABCs from 'collections' instead of from 'collections.abc' is deprecated since Python 3.3, and in 3.10 it will stop working
  collections.MutableMapping.register(ParseResults)
/usr/lib/python3/dist-packages/pkg_resources/_vendor/pyparsing.py:943: DeprecationWarning: Using or importing the ABCs from 'collections' instead of from 'collections.abc' is deprecated since Python 3.3, and in 3.10 it will stop working
  collections.MutableMapping.register(ParseResults)
/usr/lib/python3/dist-packages/pkg_resources/_vendor/pyparsing.py:943: DeprecationWarning: Using or importing the ABCs from 'collections' instead of from 'collections.abc' is deprecated since Python 3.3, and in 3.10 it will stop working
  collections.MutableMapping.register(ParseResults)
/usr/lib/python3/dist-packages/pkg_resources/_vendor/pyparsing.py:943: DeprecationWarning: Using or importing the ABCs from 'collections' instead of from 'collections.abc' is deprecated since Python 3.3, and in 3.10 it will stop working
  collections.MutableMapping.register(ParseResults)
/usr/lib/python3/dist-packages/pkg_resources/_vendor/pyparsing.py:943: DeprecationWarning: Using or importing the ABCs from 'collections' instead of from 'collections.abc' is deprecated since Python 3.3, and in 3.10 it will stop working
  collections.MutableMapping.register(ParseResults)
Wrapping eval env in a VecNormalize.
/usr/lib/python3/dist-packages/pkg_resources/_vendor/pyparsing.py:943: DeprecationWarning: Using or importing the ABCs from 'collections' instead of from 'collections.abc' is deprecated since Python 3.3, and in 3.10 it will stop working
  collections.MutableMapping.register(ParseResults)
Wrapping eval env in a VecNormalize.
Env id not recognized; skipping plotting of constraint net
[32mBeginning training
  0% 0/50000 [00:00<?, ?it/s]/usr/local/lib/python3.8/dist-packages/gym/utils/passive_env_checker.py:216: UserWarning: [33mWARN: Future gym versions will require that `Env.reset` can be passed a `seed` instead of using `Env.seed` for resetting the environment random number generator. 
  logger.warn(
/usr/local/lib/python3.8/dist-packages/gym/utils/passive_env_checker.py:216: UserWarning: [33mWARN: Future gym versions will require that `Env.reset` can be passed a `seed` instead of using `Env.seed` for resetting the environment random number generator. 
  logger.warn(
/usr/local/lib/python3.8/dist-packages/gym/utils/passive_env_checker.py:216: UserWarning: [33mWARN: Future gym versions will require that `Env.reset` can be passed a `seed` instead of using `Env.seed` for resetting the environment random number generator. 
  logger.warn(
/usr/local/lib/python3.8/dist-packages/gym/utils/passive_env_checker.py:228: UserWarning: [33mWARN: Future gym versions will require that `Env.reset` can be passed `return_info` to return information from the environment resetting.
  logger.warn(
/usr/local/lib/python3.8/dist-packages/gym/utils/passive_env_checker.py:228: UserWarning: [33mWARN: Future gym versions will require that `Env.reset` can be passed `return_info` to return information from the environment resetting.
  logger.warn(
/usr/local/lib/python3.8/dist-packages/gym/utils/passive_env_checker.py:228: UserWarning: [33mWARN: Future gym versions will require that `Env.reset` can be passed `return_info` to return information from the environment resetting.
  logger.warn(
/usr/local/lib/python3.8/dist-packages/gym/utils/passive_env_checker.py:233: UserWarning: [33mWARN: Future gym versions will require that `Env.reset` can be passed `options` to allow the environment initialisation to be passed additional information.
  logger.warn(
/usr/local/lib/python3.8/dist-packages/gym/utils/passive_env_checker.py:216: UserWarning: [33mWARN: Future gym versions will require that `Env.reset` can be passed a `seed` instead of using `Env.seed` for resetting the environment random number generator. 
  logger.warn(
/usr/local/lib/python3.8/dist-packages/gym/utils/passive_env_checker.py:233: UserWarning: [33mWARN: Future gym versions will require that `Env.reset` can be passed `options` to allow the environment initialisation to be passed additional information.
  logger.warn(
/usr/local/lib/python3.8/dist-packages/gym/utils/passive_env_checker.py:233: UserWarning: [33mWARN: Future gym versions will require that `Env.reset` can be passed `options` to allow the environment initialisation to be passed additional information.
  logger.warn(
/usr/local/lib/python3.8/dist-packages/gym/utils/passive_env_checker.py:228: UserWarning: [33mWARN: Future gym versions will require that `Env.reset` can be passed `return_info` to return information from the environment resetting.
  logger.warn(
/usr/local/lib/python3.8/dist-packages/gym/utils/passive_env_checker.py:233: UserWarning: [33mWARN: Future gym versions will require that `Env.reset` can be passed `options` to allow the environment initialisation to be passed additional information.
  logger.warn(
/usr/local/lib/python3.8/dist-packages/gym/utils/passive_env_checker.py:216: UserWarning: [33mWARN: Future gym versions will require that `Env.reset` can be passed a `seed` instead of using `Env.seed` for resetting the environment random number generator. 
  logger.warn(
/usr/local/lib/python3.8/dist-packages/gym/utils/passive_env_checker.py:228: UserWarning: [33mWARN: Future gym versions will require that `Env.reset` can be passed `return_info` to return information from the environment resetting.
  logger.warn(
/usr/local/lib/python3.8/dist-packages/gym/utils/passive_env_checker.py:233: UserWarning: [33mWARN: Future gym versions will require that `Env.reset` can be passed `options` to allow the environment initialisation to be passed additional information.
  logger.warn(
/home/jovyan/icrl/stable_baselines3/common/base_class.py:348: DeprecationWarning: `np.bool` is a deprecated alias for the builtin `bool`. To silence this warning, use `bool` by itself. Doing this will not modify any behavior and is safe. If you specifically wanted the numpy scalar type, use `np.bool_` here.
Deprecated in NumPy 1.20; for more details and guidance: https://numpy.org/devdocs/release/1.20.0-notes.html#deprecations
  self._last_dones = np.zeros((self.env.num_envs,), dtype=np.bool)
















100% 50000/50000 [00:44<00:00, 1121.51it/s, ac=0.542, nu=001.3, tc=5551.5, tr=-04.5]/usr/local/lib/python3.8/dist-packages/gym/utils/passive_env_checker.py:216: UserWarning: [33mWARN: Future gym versions will require that `Env.reset` can be passed a `seed` instead of using `Env.seed` for resetting the environment random number generator. 
  logger.warn(
/usr/local/lib/python3.8/dist-packages/gym/utils/passive_env_checker.py:228: UserWarning: [33mWARN: Future gym versions will require that `Env.reset` can be passed `return_info` to return information from the environment resetting.
  logger.warn(
/usr/local/lib/python3.8/dist-packages/gym/utils/passive_env_checker.py:233: UserWarning: [33mWARN: Future gym versions will require that `Env.reset` can be passed `options` to allow the environment initialisation to be passed additional information.
  logger.warn(
100% 20/20 [00:00<00:00, 434.77it/s]/usr/local/lib/python3.8/dist-packages/gym/utils/passive_env_checker.py:216: UserWarning: [33mWARN: Future gym versions will require that `Env.reset` can be passed a `seed` instead of using `Env.seed` for resetting the environment random number generator. 
  logger.warn(
/usr/local/lib/python3.8/dist-packages/gym/utils/passive_env_checker.py:228: UserWarning: [33mWARN: Future gym versions will require that `Env.reset` can be passed `return_info` to return information from the environment resetting.
  logger.warn(
/usr/local/lib/python3.8/dist-packages/gym/utils/passive_env_checker.py:233: UserWarning: [33mWARN: Future gym versions will require that `Env.reset` can be passed `options` to allow the environment initialisation to be passed additional information.
  logger.warn(
Env id not recognized; skipping plotting of constraint net
[32mSaving new best model
-----------------------------------------
| backward/               |             |
|    cn_loss              | -0.169      |
|    early_stop_itr       | 20          |
|    expert_loss          | -0.698      |
|    expert_preds_max     | 0.568       |
|    expert_preds_mean    | 0.499       |
|    expert_preds_min     | 0.411       |
|    is_max               | 2.58        |
|    is_mean              | 0.955       |
|    is_min               | 0.121       |
|    kl_new_old           | 0.349       |
|    kl_old_new           | 1.58        |
|    nominal_loss         | -0.867      |
|    nominal_preds_max    | 0.569       |
|    nominal_preds_mean   | 0.399       |
|    nominal_preds_min    | 0.316       |
|    regularizer_loss     | 0           |
|    unweighted_nomina... | -0.931      |
| best_true/              |             |
|    best_cost            | 0.652       |
|    best_forward_kl      | -8.23       |
|    best_reverse_kl      | 5.87        |
|    best_reward          | -661        |
| forward/                |             |
|    approx_kl            | 0.044959605 |
|    average_cost         | 0.54213494  |
|    clip_fraction        | 0.325       |
|    clip_range           | 0.2         |
|    cost_explained_va... | -0.447      |
|    cost_value_loss      | 11.4        |
|    early_stop_epoch     | 0           |
|    entropy_loss         | -0.71       |
|    learning_rate        | 0.0003      |
|    loss                 | 4.52        |
|    mean_cost_advantages | -5.833368   |
|    mean_reward_advan... | 4.178632    |
|    n_updates            | 50          |
|    nu                   | 1.34        |
|    nu_loss              | -0.689      |
|    policy_gradient_loss | -0.0736     |
|    reward_explained_... | 0.521       |
|    reward_value_loss    | 4.62        |
|    total_cost           | 5551.462    |
| iteration               | 0           |
| learning_rate           | 0.003       |
| rollout/                |             |
|    ep_len_mean          | 14          |
|    ep_rew_mean          | -4.5        |
| time(m)                 | 0.754       |
| time/                   |             |
|    fps                  | 1148        |
|    iterations           | 6           |
|    time_elapsed         | 44          |
|    total_timesteps      | 51200       |
| timesteps               | 5.12e+04    |
| true/                   |             |
|    cost                 | 0.652       |
|    forward_kl           | -8.23       |
|    reverse_kl           | 5.87        |
|    reward               | -661        |
|    reward_std           | 80.1        |
|    samples_behind       | 0           |
|    samples_infront      | 0           |
-----------------------------------------

















51200it [00:42, 1826.45it/s, ac=0.616, nu=001.7, tc=6303.1, tr=-02.7]
Env id not recognized; skipping plotting of constraint net
[32mSaving new best model
------------------------------------------
| backward/               |              |
|    cn_loss              | -0.89        |
|    early_stop_itr       | 20           |
|    expert_loss          | -0.799       |
|    expert_preds_max     | 0.652        |
|    expert_preds_mean    | 0.47         |
|    expert_preds_min     | 0.221        |
|    is_max               | 1.91         |
|    is_mean              | 0.985        |
|    is_min               | 0.396        |
|    kl_new_old           | 0.287        |
|    kl_old_new           | 6.52         |
|    nominal_loss         | -1.69        |
|    nominal_preds_max    | 0.623        |
|    nominal_preds_mean   | 0.209        |
|    nominal_preds_min    | 0.0897       |
|    regularizer_loss     | 0            |
|    unweighted_nomina... | -1.75        |
| best_true/              |              |
|    best_cost            | 0.652        |
|    best_forward_kl      | -8.23        |
|    best_reverse_kl      | 2.24         |
|    best_reward          | -651         |
| forward/                |              |
|    approx_kl            | 0.008927028  |
|    average_cost         | 0.6155359    |
|    clip_fraction        | 0.0683       |
|    clip_range           | 0.2          |
|    cost_explained_va... | 0.994        |
|    cost_value_loss      | 0.0126       |
|    early_stop_epoch     | 10           |
|    entropy_loss         | -0.136       |
|    learning_rate        | 0.0003       |
|    loss                 | 0.00157      |
|    mean_cost_advantages | -0.051293977 |
|    mean_reward_advan... | 0.013133784  |
|    n_updates            | 100          |
|    nu                   | 1.74         |
|    nu_loss              | -1.02        |
|    policy_gradient_loss | -0.00121     |
|    reward_explained_... | 0.997        |
|    reward_value_loss    | 0.00139      |
|    total_cost           | 6303.088     |
| iteration               | 1            |
| learning_rate           | 0.003        |
| rollout/                |              |
|    ep_len_mean          | 8.57         |
|    ep_rew_mean          | -2.7         |
| time(m)                 | 1.59         |
| time/                   |              |
|    fps                  | 1025         |
|    iterations           | 6            |
|    time_elapsed         | 49           |
|    total_timesteps      | 51200        |
| timesteps               | 1.02e+05     |
| true/                   |              |
|    cost                 | 0.76         |
|    forward_kl           | -3.03        |
|    reverse_kl           | 2.24         |
|    reward               | -651         |
|    reward_std           | 50.1         |
|    samples_behind       | 0            |
|    samples_infront      | 0            |
100% 50000/50000 [00:49<00:00, 1001.94it/s, ac=0.616, nu=001.7, tc=6303.1, tr=-02.7]
100% 20/20 [00:00<00:00, 428.77it/s]
















50095it [00:35, 1822.04it/s, ac=0.563, nu=002.0, tc=5768.5, tr=-02.8]
100% 50000/50000 [00:36<00:00, 1358.39it/s, ac=0.597, nu=002.1, tc=6115.3, tr=-02.6]
 45% 9/20 [00:00<00:00, 22.95it/s]
[32mSaving new best model
-----------------------------------------
| backward/               |             |
|    cn_loss              | -0.114      |
|    early_stop_itr       | 20          |
|    expert_loss          | -0.552      |
|    expert_preds_max     | 0.775       |
|    expert_preds_mean    | 0.6         |
|    expert_preds_min     | 0.276       |
|    is_max               | 2.09        |
|    is_mean              | 1           |
|    is_min               | 0.416       |
|    kl_new_old           | 0.195       |
|    kl_old_new           | -1.1        |
|    nominal_loss         | -0.666      |
|    nominal_preds_max    | 0.775       |
|    nominal_preds_mean   | 0.568       |
|    nominal_preds_min    | 0.0677      |
|    regularizer_loss     | 0           |
|    unweighted_nomina... | -0.741      |
| best_true/              |             |
|    best_cost            | 0.23        |
|    best_forward_kl      | -8.23       |
|    best_reverse_kl      | 2.24        |
|    best_reward          | -222        |
| forward/                |             |
|    approx_kl            | 0.2251705   |
|    average_cost         | 0.59719753  |
|    clip_fraction        | 0.261       |
|    clip_range           | 0.2         |
|    cost_explained_va... | 0.839       |
|    cost_value_loss      | 0.303       |
|    early_stop_epoch     | 0           |
|    entropy_loss         | -0.147      |
|    learning_rate        | 0.0003      |
|    loss                 | 0.0251      |
|    mean_cost_advantages | -0.23778322 |
|    mean_reward_advan... | 0.084694006 |
|    n_updates            | 150         |
|    nu                   | 2.19        |
|    nu_loss              | -1.25       |
|    policy_gradient_loss | -0.0193     |
|    reward_explained_... | 0.985       |
|    reward_value_loss    | 0.00758     |
|    total_cost           | 6115.3027   |
| iteration               | 2           |
| learning_rate           | 0.003       |
| rollout/                |             |
|    ep_len_mean          | 8.52        |
|    ep_rew_mean          | -2.64       |
| time(m)                 | 2.22        |
| time/                   |             |
|    fps                  | 1391        |
|    iterations           | 6           |
|    time_elapsed         | 36          |
|    total_timesteps      | 51200       |
| timesteps               | 1.54e+05    |
| true/                   |             |
|    cost                 | 0.23        |
|    forward_kl           | -3.21       |
|    reverse_kl           | 2.45        |
|    reward               | -222        |
|    reward_std           | 87.2        |
|    samples_behind       | 0           |
|    samples_infront      | 0           |
100% 20/20 [00:00<00:00, 32.92it/s]


















100% 50000/50000 [00:37<00:00, 1333.07it/s, ac=0.339, nu=002.6, tc=3475.8, tr=-02.7]
Env id not recognized; skipping plotting of constraint net
[32mSaving new best model
------------------------------------------
| backward/               |              |
|    cn_loss              | -0.00216     |
|    early_stop_itr       | 20           |
|    expert_loss          | -0.323       |
|    expert_preds_max     | 0.832        |
|    expert_preds_mean    | 0.734        |
|    expert_preds_min     | 0.476        |
|    is_max               | 1.34         |
|    is_mean              | 1.01         |
|    is_min               | 0.642        |
|    kl_new_old           | 0.0589       |
|    kl_old_new           | -1.27        |
|    nominal_loss         | -0.325       |
|    nominal_preds_max    | 0.832        |
|    nominal_preds_mean   | 0.742        |
|    nominal_preds_min    | 0.485        |
|    regularizer_loss     | 0            |
|    unweighted_nomina... | -0.314       |
| best_true/              |              |
|    best_cost            | 0.116        |
|    best_forward_kl      | -8.23        |
|    best_reverse_kl      | 1.44         |
|    best_reward          | -2.73        |
| forward/                |              |
|    approx_kl            | 0.017940888  |
|    average_cost         | 0.339436     |
|    clip_fraction        | 0.0354       |
|    clip_range           | 0.2          |
|    cost_explained_va... | 0.885        |
|    cost_value_loss      | 0.0973       |
|    early_stop_epoch     | 1            |
|    entropy_loss         | -0.0494      |
|    learning_rate        | 0.0003       |
|    loss                 | 0.0518       |
|    mean_cost_advantages | -0.037387226 |
|    mean_reward_advan... | -0.015102975 |
|    n_updates            | 200          |
|    nu                   | 2.64         |
|    nu_loss              | -0.867       |
|    policy_gradient_loss | -0.00676     |
|    reward_explained_... | 0.992        |
|    reward_value_loss    | 0.00569      |
|    total_cost           | 3475.8247    |
| iteration               | 3            |
| learning_rate           | 0.003        |
| rollout/                |              |
|    ep_len_mean          | 8.6          |
|    ep_rew_mean          | -2.7         |
| time(m)                 | 2.86         |
| time/                   |              |
|    fps                  | 1365         |
|    iterations           | 6            |
|    time_elapsed         | 37           |
|    total_timesteps      | 51200        |
| timesteps               | 2.05e+05     |
| true/                   |              |
|    cost                 | 0.116        |
|    forward_kl           | -1.46        |
|    reverse_kl           | 1.44         |
|    reward               | -2.73        |
|    reward_std           | 0.327        |
|    samples_behind       | 0            |
|    samples_infront      | 0            |
------------------------------------------
100% 20/20 [00:00<00:00, 437.15it/s]















51200it [00:39, 1797.18it/s, ac=0.340, nu=003.0, tc=3485.9, tr=-03.1]
Env id not recognized; skipping plotting of constraint net
-----------------------------------------
| backward/               |             |
|    cn_loss              | -0.225      |
|    early_stop_itr       | 20          |
|    expert_loss          | -0.595      |
|    expert_preds_max     | 0.732       |
|    expert_preds_mean    | 0.584       |
|    expert_preds_min     | 0.234       |
|    is_max               | 1.52        |
|    is_mean              | 0.979       |
|    is_min               | 0.466       |
|    kl_new_old           | 0.198       |
|    kl_old_new           | 4.42        |
|    nominal_loss         | -0.82       |
|    nominal_preds_max    | 0.732       |
|    nominal_preds_mean   | 0.47        |
|    nominal_preds_min    | 0.234       |
|    regularizer_loss     | 0           |
|    unweighted_nomina... | -0.857      |
| best_true/              |             |
|    best_cost            | 0.0948      |
|    best_forward_kl      | -8.23       |
|    best_reverse_kl      | 1.44        |
|    best_reward          | -2.73       |
| forward/                |             |
|    approx_kl            | 0.022432998 |
|    average_cost         | 0.34042117  |
|    clip_fraction        | 0.0669      |
|    clip_range           | 0.2         |
|    cost_explained_va... | 0.699       |
|    cost_value_loss      | 0.0577      |
|    early_stop_epoch     | 1           |
|    entropy_loss         | -0.12       |
|    learning_rate        | 0.0003      |
|    loss                 | 0.00187     |
|    mean_cost_advantages | 0.93967324  |
|    mean_reward_advan... | -0.2373155  |
|    n_updates            | 250         |
|    nu                   | 3.05        |
|    nu_loss              | -1.01       |
|    policy_gradient_loss | -0.00329    |
|    reward_explained_... | 0.96        |
|    reward_value_loss    | 0.0128      |
|    total_cost           | 3485.9128   |
| iteration               | 4           |
| learning_rate           | 0.003       |
| rollout/                |             |
|    ep_len_mean          | 10.6        |
|    ep_rew_mean          | -3.11       |
| time(m)                 | 3.55        |
| time/                   |             |
|    fps                  | 1243        |
|    iterations           | 6           |
|    time_elapsed         | 41          |
|    total_timesteps      | 51200       |
| timesteps               | 2.56e+05    |
| true/                   |             |
|    cost                 | 0.0948      |
|    forward_kl           | -2.05       |
|    reverse_kl           | 1.84        |
|    reward               | -2.97       |
|    reward_std           | 0.371       |
|    samples_behind       | 0           |
|    samples_infront      | 0           |
100% 50000/50000 [00:41<00:00, 1213.90it/s, ac=0.340, nu=003.0, tc=3485.9, tr=-03.1]
100% 20/20 [00:00<00:00, 451.14it/s]

















51200it [00:39, 1809.84it/s, ac=0.360, nu=003.4, tc=3686.7, tr=-02.6]
Env id not recognized; skipping plotting of constraint net
[32mSaving new best model
-------------------------------------------
| backward/               |               |
|    cn_loss              | 0.0864        |
|    early_stop_itr       | 20            |
|    expert_loss          | -0.591        |
|    expert_preds_max     | 0.768         |
|    expert_preds_mean    | 0.583         |
|    expert_preds_min     | 0.224         |
|    is_max               | 1.02          |
|    is_mean              | 1             |
|    is_min               | 0.952         |
|    kl_new_old           | 0.000781      |
|    kl_old_new           | 0.0121        |
|    nominal_loss         | -0.505        |
|    nominal_preds_max    | 0.713         |
|    nominal_preds_mean   | 0.624         |
|    nominal_preds_min    | 0.264         |
|    regularizer_loss     | 0             |
|    unweighted_nomina... | -0.504        |
| best_true/              |               |
|    best_cost            | 0.0948        |
|    best_forward_kl      | -8.23         |
|    best_reverse_kl      | 1.44          |
|    best_reward          | -2.6          |
| forward/                |               |
|    approx_kl            | 2.8661685e-05 |
|    average_cost         | 0.36002755    |
|    clip_fraction        | 0             |
|    clip_range           | 0.2           |
|    cost_explained_va... | 0.997         |
|    cost_value_loss      | 0.000192      |
|    early_stop_epoch     | 10            |
|    entropy_loss         | -0.000472     |
|    learning_rate        | 0.0003        |
|    loss                 | 1.38e-05      |
|    mean_cost_advantages | -0.045576908  |
|    mean_reward_advan... | 0.009099164   |
|    n_updates            | 300           |
|    nu                   | 3.48          |
|    nu_loss              | -1.22         |
|    policy_gradient_loss | -1.54e-06     |
|    reward_explained_... | 1             |
|    reward_value_loss    | 0.000261      |
|    total_cost           | 3686.6821     |
| iteration               | 5             |
| learning_rate           | 0.003         |
| rollout/                |               |
|    ep_len_mean          | 8.47          |
|    ep_rew_mean          | -2.65         |
| time(m)                 | 4.34          |
| time/                   |               |
|    fps                  | 1092          |
|    iterations           | 6             |
|    time_elapsed         | 46            |
|    total_timesteps      | 51200         |
| timesteps               | 3.07e+05      |
| true/                   |               |
|    cost                 | 0.116         |
|    forward_kl           | -1.62         |
|    reverse_kl           | 1.63          |
|    reward               | -2.6          |
|    reward_std           | 0.327         |
|    samples_behind       | 0             |
|    samples_infront      | 0             |
100% 50000/50000 [00:46<00:00, 1066.94it/s, ac=0.360, nu=003.4, tc=3686.7, tr=-02.6]
100% 20/20 [00:00<00:00, 441.11it/s]

















51200it [00:44, 1840.34it/s, ac=0.664, nu=003.8, tc=6795.4, tr=-03.4]
Env id not recognized; skipping plotting of constraint net
-----------------------------------------
| backward/               |             |
|    cn_loss              | 0.00637     |
|    early_stop_itr       | 20          |
|    expert_loss          | -0.411      |
|    expert_preds_max     | 0.835       |
|    expert_preds_mean    | 0.673       |
|    expert_preds_min     | 0.394       |
|    is_max               | 1.33        |
|    is_mean              | 1.01        |
|    is_min               | 0.796       |
|    kl_new_old           | 0.0353      |
|    kl_old_new           | -0.767      |
|    nominal_loss         | -0.405      |
|    nominal_preds_max    | 0.798       |
|    nominal_preds_mean   | 0.676       |
|    nominal_preds_min    | 0.428       |
|    regularizer_loss     | 0           |
|    unweighted_nomina... | -0.403      |
| best_true/              |             |
|    best_cost            | 0.0948      |
|    best_forward_kl      | -8.23       |
|    best_reverse_kl      | 1.44        |
|    best_reward          | -2.6        |
| forward/                |             |
|    approx_kl            | 1.8268433   |
|    average_cost         | 0.6636123   |
|    clip_fraction        | 0.203       |
|    clip_range           | 0.2         |
|    cost_explained_va... | -50.9       |
|    cost_value_loss      | 26.4        |
|    early_stop_epoch     | 0           |
|    entropy_loss         | -0.0245     |
|    learning_rate        | 0.0003      |
|    loss                 | 10.2        |
|    mean_cost_advantages | 5.1199884   |
|    mean_reward_advan... | -0.61422336 |
|    n_updates            | 350         |
|    nu                   | 3.92        |
|    nu_loss              | -2.54       |
|    policy_gradient_loss | -1.17       |
|    reward_explained_... | -0.167      |
|    reward_value_loss    | 0.556       |
|    total_cost           | 6795.39     |
| iteration               | 6           |
| learning_rate           | 0.003       |
| rollout/                |             |
|    ep_len_mean          | 14          |
|    ep_rew_mean          | -3.36       |
| time(m)                 | 5.1         |
| time/                   |             |
|    fps                  | 1124        |
|    iterations           | 6           |
|    time_elapsed         | 45          |
|    total_timesteps      | 51200       |
| timesteps               | 3.58e+05    |
| true/                   |             |
|    cost                 | 0.117       |
|    forward_kl           | -4.48       |
|    reverse_kl           | 4.55        |
|    reward               | -2.74       |
|    reward_std           | 0.334       |
|    samples_behind       | 0           |
|    samples_infront      | 0           |
100% 50000/50000 [00:45<00:00, 1098.08it/s, ac=0.664, nu=003.8, tc=6795.4, tr=-03.4]
100% 20/20 [00:00<00:00, 438.52it/s]


















100% 50000/50000 [00:46<00:00, 1071.64it/s, ac=0.619, nu=004.3, tc=6340.8, tr=-95.6]
Env id not recognized; skipping plotting of constraint net
100% 20/20 [00:00<00:00, 108.77it/s]
-----------------------------------------
| backward/               |             |
|    cn_loss              | 0.00674     |
|    early_stop_itr       | 20          |
|    expert_loss          | -0.148      |
|    expert_preds_max     | 0.95        |
|    expert_preds_mean    | 0.865       |
|    expert_preds_min     | 0.71        |
|    is_max               | 2.61        |
|    is_mean              | 0.244       |
|    is_min               | 0.125       |
|    kl_new_old           | 1.6         |
|    kl_old_new           | -3.6        |
|    nominal_loss         | -0.141      |
|    nominal_preds_max    | 0.935       |
|    nominal_preds_mean   | 0.456       |
|    nominal_preds_min    | 0.21        |
|    regularizer_loss     | 0           |
|    unweighted_nomina... | -0.938      |
| best_true/              |             |
|    best_cost            | 0.0948      |
|    best_forward_kl      | -8.23       |
|    best_reverse_kl      | 1.44        |
|    best_reward          | -2.6        |
| forward/                |             |
|    approx_kl            | 0.023918476 |
|    average_cost         | 0.6192215   |
|    clip_fraction        | 0.00527     |
|    clip_range           | 0.2         |
|    cost_explained_va... | 0.107       |
|    cost_value_loss      | 36.5        |
|    early_stop_epoch     | 5           |
|    entropy_loss         | -0.00616    |
|    learning_rate        | 0.0003      |
|    loss                 | 55.7        |
|    mean_cost_advantages | 3.295974    |
|    mean_reward_advan... | -3.5068696  |
|    n_updates            | 400         |
|    nu                   | 4.41        |
|    nu_loss              | -2.66       |
|    policy_gradient_loss | -0.00795    |
|    reward_explained_... | 0.34        |
|    reward_value_loss    | 93.3        |
|    total_cost           | 6340.828    |
| iteration               | 7           |
| learning_rate           | 0.003       |
| rollout/                |             |
|    ep_len_mean          | 106         |
|    ep_rew_mean          | -95.6       |
| time(m)                 | 5.94        |
| time/                   |             |
|    fps                  | 1097        |
|    iterations           | 6           |
|    time_elapsed         | 46          |
|    total_timesteps      | 51200       |
| timesteps               | 4.1e+05     |
| true/                   |             |
|    cost                 | 0.704       |
|    forward_kl           | -7.78       |
|    reverse_kl           | 26.3        |
|    reward               | -4.53e+03   |
|    reward_std           | 6.75e+03    |
|    samples_behind       | 0           |
|    samples_infront      | 0           |
-----------------------------------------



















100% 50000/50000 [00:55<00:00, 902.19it/s, ac=0.537, nu=004.8, tc=5496.3, tr=-92.1]
Env id not recognized; skipping plotting of constraint net

100% 20/20 [00:02<00:00,  8.53it/s]
-----------------------------------------
| backward/               |             |
|    cn_loss              | 0.0422      |
|    early_stop_itr       | 20          |
|    expert_loss          | -0.081      |
|    expert_preds_max     | 0.98        |
|    expert_preds_mean    | 0.924       |
|    expert_preds_min     | 0.781       |
|    is_max               | 2.57        |
|    is_mean              | 0.242       |
|    is_min               | 9.39e-20    |
|    kl_new_old           | 2.95        |
|    kl_old_new           | 1.87        |
|    nominal_loss         | -0.0388     |
|    nominal_preds_max    | 0.968       |
|    nominal_preds_mean   | 0.731       |
|    nominal_preds_min    | 0.135       |
|    regularizer_loss     | 0           |
|    unweighted_nomina... | -0.397      |
| best_true/              |             |
|    best_cost            | 0.0948      |
|    best_forward_kl      | -8.23       |
|    best_reverse_kl      | 1.44        |
|    best_reward          | -2.6        |
| forward/                |             |
|    approx_kl            | 0.050215803 |
|    average_cost         | 0.5367524   |
|    clip_fraction        | 0.00986     |
|    clip_range           | 0.2         |
|    cost_explained_va... | 0.316       |
|    cost_value_loss      | 49.7        |
|    early_stop_epoch     | 2           |
|    entropy_loss         | -0.0041     |
|    learning_rate        | 0.0003      |
|    loss                 | 156         |
|    mean_cost_advantages | 0.43904552  |
|    mean_reward_advan... | -0.6789824  |
|    n_updates            | 450         |
|    nu                   | 4.94        |
|    nu_loss              | -2.59       |
|    policy_gradient_loss | -0.000815   |
|    reward_explained_... | 0.333       |
|    reward_value_loss    | 128         |
|    total_cost           | 5496.3447   |
| iteration               | 8           |
| learning_rate           | 0.003       |
| rollout/                |             |
|    ep_len_mean          | 105         |
|    ep_rew_mean          | -92.1       |
| time(m)                 | 6.96        |
| time/                   |             |
|    fps                  | 923         |
|    iterations           | 6           |
|    time_elapsed         | 55          |
|    total_timesteps      | 51200       |
| timesteps               | 4.61e+05    |
| true/                   |             |
|    cost                 | 0.144       |
|    forward_kl           | -7.63       |
|    reverse_kl           | 29.3        |
|    reward               | -1.24e+03   |
|    reward_std           | 3.34e+03    |
|    samples_behind       | 0           |
|    samples_infront      | 0           |
-----------------------------------------
















100% 50000/50000 [00:33<00:00, 1483.10it/s, ac=0.210, nu=005.3, tc=2145.5, tr=-67.8]
Env id not recognized; skipping plotting of constraint net
100% 20/20 [00:00<00:00, 210.01it/s]
-----------------------------------------
| backward/               |             |
|    cn_loss              | 0.0332      |
|    early_stop_itr       | 20          |
|    expert_loss          | -0.0611     |
|    expert_preds_max     | 0.988       |
|    expert_preds_mean    | 0.942       |
|    expert_preds_min     | 0.769       |
|    is_max               | 2.07        |
|    is_mean              | 0.188       |
|    is_min               | 0.0669      |
|    kl_new_old           | 1.37        |
|    kl_old_new           | 1.12        |
|    nominal_loss         | -0.028      |
|    nominal_preds_max    | 0.978       |
|    nominal_preds_mean   | 0.791       |
|    nominal_preds_min    | 0.761       |
|    regularizer_loss     | 0           |
|    unweighted_nomina... | -0.235      |
| best_true/              |             |
|    best_cost            | 0.00568     |
|    best_forward_kl      | -8.23       |
|    best_reverse_kl      | 1.44        |
|    best_reward          | -2.6        |
| forward/                |             |
|    approx_kl            | 0.051022984 |
|    average_cost         | 0.20952201  |
|    clip_fraction        | 0.00415     |
|    clip_range           | 0.2         |
|    cost_explained_va... | 0.422       |
|    cost_value_loss      | 13.6        |
|    early_stop_epoch     | 1           |
|    entropy_loss         | -0.000826   |
|    learning_rate        | 0.0003      |
|    loss                 | 54.9        |
|    mean_cost_advantages | -1.4075556  |
|    mean_reward_advan... | 0.9526556   |
|    n_updates            | 500         |
|    nu                   | 5.41        |
|    nu_loss              | -1.11       |
|    policy_gradient_loss | -0.00682    |
|    reward_explained_... | 0.432       |
|    reward_value_loss    | 106         |
|    total_cost           | 2145.5054   |
| iteration               | 9           |
| learning_rate           | 0.003       |
| rollout/                |             |
|    ep_len_mean          | 94.8        |
|    ep_rew_mean          | -67.8       |
| time(m)                 | 7.58        |
| time/                   |             |
|    fps                  | 1518        |
|    iterations           | 6           |
|    time_elapsed         | 33          |
|    total_timesteps      | 51200       |
| timesteps               | 5.12e+05    |
| true/                   |             |
|    cost                 | 0.00568     |
|    forward_kl           | -4.89       |
|    reverse_kl           | 17          |
|    reward               | -91.4       |
|    reward_std           | 71.8        |
|    samples_behind       | 0           |
|    samples_infront      | 0           |
-----------------------------------------


















100% 50000/50000 [00:50<00:00, 994.53it/s, ac=0.634, nu=005.7, tc=6488.5, tr=-89.5]
Env id not recognized; skipping plotting of constraint net
100% 20/20 [00:01<00:00, 13.88it/s]
  0% 205/50000 [00:00<00:24, 2038.56it/s]
------------------------------------------
| backward/               |              |
|    cn_loss              | -0.0108      |
|    early_stop_itr       | 20           |
|    expert_loss          | -0.0444      |
|    expert_preds_max     | 0.993        |
|    expert_preds_mean    | 0.958        |
|    expert_preds_min     | 0.781        |
|    is_max               | 1.83         |
|    is_mean              | 0.124        |
|    is_min               | 1.84e-17     |
|    kl_new_old           | 5.1          |
|    kl_old_new           | 5.28         |
|    nominal_loss         | -0.0552      |
|    nominal_preds_max    | 0.988        |
|    nominal_preds_mean   | 0.343        |
|    nominal_preds_min    | 0.0739       |
|    regularizer_loss     | 0            |
|    unweighted_nomina... | -1.48        |
| best_true/              |              |
|    best_cost            | 0.00568      |
|    best_forward_kl      | -8.95        |
|    best_reverse_kl      | 1.44         |
|    best_reward          | -2.6         |
| forward/                |              |
|    approx_kl            | 0.0105422465 |
|    average_cost         | 0.6336416    |
|    clip_fraction        | 0.00106      |
|    clip_range           | 0.2          |
|    cost_explained_va... | 0.0196       |
|    cost_value_loss      | 52.4         |
|    early_stop_epoch     | 10           |
|    entropy_loss         | -0.000186    |
|    learning_rate        | 0.0003       |
|    loss                 | 106          |
|    mean_cost_advantages | 1.9303482    |
|    mean_reward_advan... | -1.1952502   |
|    n_updates            | 550          |
|    nu                   | 5.83         |
|    nu_loss              | -3.64        |
|    policy_gradient_loss | -0.0174      |
|    reward_explained_... | 0.138        |
|    reward_value_loss    | 117          |
|    total_cost           | 6488.4897    |
| iteration               | 10           |
| learning_rate           | 0.003        |
| rollout/                |              |
|    ep_len_mean          | 103          |
|    ep_rew_mean          | -89.5        |
| time(m)                 | 8.49         |
| time/                   |              |
|    fps                  | 1018         |
|    iterations           | 6            |
|    time_elapsed         | 50           |
|    total_timesteps      | 51200        |
| timesteps               | 5.63e+05     |
| true/                   |              |
|    cost                 | 0.712        |
|    forward_kl           | -8.95        |
|    reverse_kl           | 31.3         |
|    reward               | -1.05e+04    |
|    reward_std           | 6.66e+03     |
|    samples_behind       | 0            |
|    samples_infront      | 0            |




















100% 50000/50000 [01:05<00:00, 758.40it/s, ac=0.659, nu=006.2, tc=6747.7, tr=-89.4]
Env id not recognized; skipping plotting of constraint net


100% 20/20 [00:03<00:00,  5.87it/s]
--------------------------------------------
| backward/               |                |
|    cn_loss              | -0.0109        |
|    early_stop_itr       | 20             |
|    expert_loss          | -0.0325        |
|    expert_preds_max     | 0.996          |
|    expert_preds_mean    | 0.969          |
|    expert_preds_min     | 0.801          |
|    is_max               | 2.86           |
|    is_mean              | 0.0894         |
|    is_min               | 8.6e-20        |
|    kl_new_old           | 7.19           |
|    kl_old_new           | 7.64           |
|    nominal_loss         | -0.0434        |
|    nominal_preds_max    | 0.993          |
|    nominal_preds_mean   | 0.308          |
|    nominal_preds_min    | 0.0482         |
|    regularizer_loss     | 0              |
|    unweighted_nomina... | -1.73          |
| best_true/              |                |
|    best_cost            | 0.00568        |
|    best_forward_kl      | -10.9          |
|    best_reverse_kl      | 1.44           |
|    best_reward          | -2.6           |
| forward/                |                |
|    approx_kl            | -3.5492704e-07 |
|    average_cost         | 0.65895694     |
|    clip_fraction        | 0              |
|    clip_range           | 0.2            |
|    cost_explained_va... | 0.219          |
|    cost_value_loss      | 72.2           |
|    early_stop_epoch     | 10             |
|    entropy_loss         | -6.15e-05      |
|    learning_rate        | 0.0003         |
|    loss                 | 86.1           |
|    mean_cost_advantages | 0.68947667     |
|    mean_reward_advan... | -0.4243855     |
|    n_updates            | 600            |
|    nu                   | 6.34           |
|    nu_loss              | -4.11          |
|    policy_gradient_loss | -2.96e-08      |
|    reward_explained_... | 0.287          |
|    reward_value_loss    | 132            |
|    total_cost           | 6747.719       |
| iteration               | 11             |
| learning_rate           | 0.003          |
| rollout/                |                |
|    ep_len_mean          | 102            |
|    ep_rew_mean          | -89.4          |
| time(m)                 | 9.73           |
| time/                   |                |
|    fps                  | 776            |
|    iterations           | 6              |
|    time_elapsed         | 65             |
|    total_timesteps      | 51200          |
| timesteps               | 6.14e+05       |
| true/                   |                |
|    cost                 | 0.727          |
|    forward_kl           | -10.9          |
|    reverse_kl           | 39             |
|    reward               | -7.57e+03      |
|    reward_std           | 7.27e+03       |
|    samples_behind       | 0              |
|    samples_infront      | 0              |
--------------------------------------------
















100% 50000/50000 [00:45<00:00, 1088.07it/s, ac=0.186, nu=006.8, tc=1909.4, tr=-82.5]
Env id not recognized; skipping plotting of constraint net

 25% 5/20 [00:00<00:02,  6.87it/s]
----------------------------------------
| backward/               |            |
|    cn_loss              | -0.163     |
|    early_stop_itr       | 5          |
|    expert_loss          | -0.0366    |
|    expert_preds_max     | 0.996      |
|    expert_preds_mean    | 0.966      |
|    expert_preds_min     | 0.769      |
|    is_max               | 1.72       |
|    is_mean              | 0.939      |
|    is_min               | 0.0589     |
|    kl_new_old           | 0.148      |
|    kl_old_new           | 11         |
|    nominal_loss         | -0.199     |
|    nominal_preds_max    | 0.947      |
|    nominal_preds_mean   | 0.806      |
|    nominal_preds_min    | 0.748      |
|    regularizer_loss     | 0          |
|    unweighted_nomina... | -0.219     |
| best_true/              |            |
|    best_cost            | 0          |
|    best_forward_kl      | -10.9      |
|    best_reverse_kl      | 1.44       |
|    best_reward          | -2.6       |
| forward/                |            |
|    approx_kl            | 0.10502088 |
|    average_cost         | 0.18646151 |
|    clip_fraction        | 0.00937    |
|    clip_range           | 0.2        |
|    cost_explained_va... | 0.32       |
|    cost_value_loss      | 49.1       |
|    early_stop_epoch     | 0          |
|    entropy_loss         | -0.00151   |
|    learning_rate        | 0.0003     |
|    loss                 | 40.8       |
|    mean_cost_advantages | -5.773782  |
|    mean_reward_advan... | 2.3847146  |
|    n_updates            | 650        |
|    nu                   | 6.9        |
|    nu_loss              | -1.27      |
|    policy_gradient_loss | -0.0543    |
|    reward_explained_... | 0.168      |
|    reward_value_loss    | 130        |
|    total_cost           | 1909.3658  |
| iteration               | 12         |
| learning_rate           | 0.003      |
| rollout/                |            |
|    ep_len_mean          | 114        |
|    ep_rew_mean          | -82.5      |
| time(m)                 | 10.6       |
| time/                   |            |
|    fps                  | 1114       |
|    iterations           | 6          |
|    time_elapsed         | 45         |
|    total_timesteps      | 51200      |
| timesteps               | 6.66e+05   |
| true/                   |            |
|    cost                 | 0          |
|    forward_kl           | -6.27      |
|    reverse_kl           | 24.5       |
|    reward               | -145       |
|    reward_std           | 7.64       |
|    samples_behind       | 0          |
|    samples_infront      | 0          |
----------------------------------------


















100% 50000/50000 [01:08<00:00, 729.53it/s, ac=0.213, nu=007.3, tc=2180.2, tr=-140.8]
Env id not recognized; skipping plotting of constraint net
 10% 2/20 [00:00<00:08,  2.21it/s]
  5% 2680/50000 [00:01<00:25, 1834.09it/s]
----------------------------------------
| backward/               |            |
|    cn_loss              | -0.208     |
|    early_stop_itr       | 2          |
|    expert_loss          | -0.0451    |
|    expert_preds_max     | 0.996      |
|    expert_preds_mean    | 0.959      |
|    expert_preds_min     | 0.715      |
|    is_max               | 0.915      |
|    is_mean              | 0.538      |
|    is_min               | 0.0152     |
|    kl_new_old           | 0.00192    |
|    kl_old_new           | 11.5       |
|    nominal_loss         | -0.253     |
|    nominal_preds_max    | 0.935      |
|    nominal_preds_mean   | 0.764      |
|    nominal_preds_min    | 0.693      |
|    regularizer_loss     | 0          |
|    unweighted_nomina... | -0.274     |
| best_true/              |            |
|    best_cost            | 0          |
|    best_forward_kl      | -10.9      |
|    best_reverse_kl      | 1.44       |
|    best_reward          | -2.6       |
| forward/                |            |
|    approx_kl            | 0.0        |
|    average_cost         | 0.21290615 |
|    clip_fraction        | 0          |
|    clip_range           | 0.2        |
|    cost_explained_va... | -0.249     |
|    cost_value_loss      | 12.6       |
|    early_stop_epoch     | 10         |
|    entropy_loss         | -8.46e-07  |
|    learning_rate        | 0.0003     |
|    loss                 | 51.6       |
|    mean_cost_advantages | -0.9142625 |
|    mean_reward_advan... | 0.4352129  |
|    n_updates            | 700        |
|    nu                   | 7.35       |
|    nu_loss              | -1.55      |
|    policy_gradient_loss | 1.74e-10   |
|    reward_explained_... | -4.12      |
|    reward_value_loss    | 96.3       |
|    total_cost           | 2180.159   |
| iteration               | 13         |
| learning_rate           | 0.003      |
| rollout/                |            |
|    ep_len_mean          | 200        |
|    ep_rew_mean          | -141       |
| time(m)                 | 11.9       |
| time/                   |            |
|    fps                  | 747        |
|    iterations           | 6          |
|    time_elapsed         | 68         |
|    total_timesteps      | 51200      |
| timesteps               | 7.17e+05   |
| true/                   |            |
|    cost                 | 0          |
|    forward_kl           | -9.27      |
|    reverse_kl           | 16.4       |
|    reward               | -147       |
|    reward_std           | 6.67       |
|    samples_behind       | 0          |
|    samples_infront      | 0          |



















100% 50000/50000 [01:05<00:00, 765.10it/s, ac=0.271, nu=007.7, tc=2774.1, tr=-141.7]
Env id not recognized; skipping plotting of constraint net
  5% 1/20 [00:00<00:09,  1.97it/s]
------------------------------------------
| backward/               |              |
|    cn_loss              | -0.278       |
|    early_stop_itr       | 1            |
|    expert_loss          | -0.0516      |
|    expert_preds_max     | 0.995        |
|    expert_preds_mean    | 0.953        |
|    expert_preds_min     | 0.676        |
|    is_max               | 2.07         |
|    is_mean              | 0.96         |
|    is_min               | 0.0926       |
|    kl_new_old           | 0.309        |
|    kl_old_new           | 10.9         |
|    nominal_loss         | -0.33        |
|    nominal_preds_max    | 0.926        |
|    nominal_preds_mean   | 0.723        |
|    nominal_preds_min    | 0.655        |
|    regularizer_loss     | 0            |
|    unweighted_nomina... | -0.33        |
| best_true/              |              |
|    best_cost            | 0            |
|    best_forward_kl      | -11          |
|    best_reverse_kl      | 1.44         |
|    best_reward          | -2.6         |
| forward/                |              |
|    approx_kl            | 0.0          |
|    average_cost         | 0.27090773   |
|    clip_fraction        | 0            |
|    clip_range           | 0.2          |
|    cost_explained_va... | -1.4         |
|    cost_value_loss      | 13.7         |
|    early_stop_epoch     | 10           |
|    entropy_loss         | -8.35e-07    |
|    learning_rate        | 0.0003       |
|    loss                 | 31.7         |
|    mean_cost_advantages | -0.031966455 |
|    mean_reward_advan... | 0.3665308    |
|    n_updates            | 750          |
|    nu                   | 7.74         |
|    nu_loss              | -2.08        |
|    policy_gradient_loss | 2.04e-09     |
|    reward_explained_... | -9.13        |
|    reward_value_loss    | 95.2         |
|    total_cost           | 2774.0952    |
| iteration               | 14           |
| learning_rate           | 0.003        |
| rollout/                |              |
|    ep_len_mean          | 200          |
|    ep_rew_mean          | -142         |
| time(m)                 | 13.1         |
| time/                   |              |
|    fps                  | 783          |
|    iterations           | 6            |
|    time_elapsed         | 65           |
|    total_timesteps      | 51200        |
| timesteps               | 7.68e+05     |
| true/                   |              |
|    cost                 | 0            |
|    forward_kl           | -11          |
|    reverse_kl           | 18.1         |
|    reward               | -138         |
|    reward_std           | 7.64         |
|    samples_behind       | 0            |
|    samples_infront      | 0            |
------------------------------------------


















100% 50000/50000 [01:08<00:00, 731.73it/s, ac=0.316, nu=008.0, tc=3238.4, tr=-141.0]
Env id not recognized; skipping plotting of constraint net
  5% 1/20 [00:00<00:00, 78.12it/s]
----------------------------------------
| backward/               |            |
|    cn_loss              | -0.336     |
|    early_stop_itr       | 1          |
|    expert_loss          | -0.0604    |
|    expert_preds_max     | 0.995      |
|    expert_preds_mean    | 0.946      |
|    expert_preds_min     | 0.627      |
|    is_max               | 0.89       |
|    is_mean              | 0.348      |
|    is_min               | 0.0146     |
|    kl_new_old           | 0.00092    |
|    kl_old_new           | 11.5       |
|    nominal_loss         | -0.396     |
|    nominal_preds_max    | 0.914      |
|    nominal_preds_mean   | 0.678      |
|    nominal_preds_min    | 0.607      |
|    regularizer_loss     | 0          |
|    unweighted_nomina... | -0.396     |
| best_true/              |            |
|    best_cost            | 0          |
|    best_forward_kl      | -13.6      |
|    best_reverse_kl      | 1.44       |
|    best_reward          | -2.6       |
| forward/                |            |
|    approx_kl            | 0.0        |
|    average_cost         | 0.31625113 |
|    clip_fraction        | 0          |
|    clip_range           | 0.2        |
|    cost_explained_va... | -2.21      |
|    cost_value_loss      | 17.7       |
|    early_stop_epoch     | 10         |
|    entropy_loss         | -7.44e-07  |
|    learning_rate        | 0.0003     |
|    loss                 | 25.5       |
|    mean_cost_advantages | 0.11595267 |
|    mean_reward_advan... | 0.2837284  |
|    n_updates            | 800        |
|    nu                   | 8.11       |
|    nu_loss              | -2.54      |
|    policy_gradient_loss | -1.11e-09  |
|    reward_explained_... | -11.5      |
|    reward_value_loss    | 95.3       |
|    total_cost           | 3238.4116  |
| iteration               | 15         |
| learning_rate           | 0.003      |
| rollout/                |            |
|    ep_len_mean          | 200        |
|    ep_rew_mean          | -141       |
| time(m)                 | 14.3       |
| time/                   |            |
|    fps                  | 749        |
|    iterations           | 6          |
|    time_elapsed         | 68         |
|    total_timesteps      | 51200      |
| timesteps               | 8.19e+05   |
| true/                   |            |
|    cost                 | 0          |
|    forward_kl           | -13.6      |
|    reverse_kl           | 20.4       |
|    reward               | -143       |
|    reward_std           | 8.16       |
|    samples_behind       | 0          |
|    samples_infront      | 0          |
----------------------------------------



















100% 50000/50000 [01:06<00:00, 755.04it/s, ac=0.363, nu=008.4, tc=3715.5, tr=-140.8]
Env id not recognized; skipping plotting of constraint net
  5% 1/20 [00:00<00:06,  2.97it/s]
----------------------------------------
| backward/               |            |
|    cn_loss              | -0.395     |
|    early_stop_itr       | 1          |
|    expert_loss          | -0.0722    |
|    expert_preds_max     | 0.994      |
|    expert_preds_mean    | 0.937      |
|    expert_preds_min     | 0.567      |
|    is_max               | 0.0132     |
|    is_mean              | 0.00645    |
|    is_min               | 9.56e-05   |
|    kl_new_old           | 1.03e-07   |
|    kl_old_new           | 11.5       |
|    nominal_loss         | -0.468     |
|    nominal_preds_max    | 0.897      |
|    nominal_preds_mean   | 0.634      |
|    nominal_preds_min    | 0.55       |
|    regularizer_loss     | 0          |
|    unweighted_nomina... | -0.468     |
| best_true/              |            |
|    best_cost            | 0          |
|    best_forward_kl      | -16.5      |
|    best_reverse_kl      | 1.44       |
|    best_reward          | -2.6       |
| forward/                |            |
|    approx_kl            | 0.0        |
|    average_cost         | 0.3628431  |
|    clip_fraction        | 0          |
|    clip_range           | 0.2        |
|    cost_explained_va... | -2.35      |
|    cost_value_loss      | 22.6       |
|    early_stop_epoch     | 10         |
|    entropy_loss         | -8.26e-07  |
|    learning_rate        | 0.0003     |
|    loss                 | 83.3       |
|    mean_cost_advantages | 0.2172854  |
|    mean_reward_advan... | 0.27983263 |
|    n_updates            | 850        |
|    nu                   | 8.5        |
|    nu_loss              | -3.05      |
|    policy_gradient_loss | 1.06e-09   |
|    reward_explained_... | -12.7      |
|    reward_value_loss    | 93.8       |
|    total_cost           | 3715.5132  |
| iteration               | 16         |
| learning_rate           | 0.003      |
| rollout/                |            |
|    ep_len_mean          | 200        |
|    ep_rew_mean          | -141       |
| time(m)                 | 15.6       |
| time/                   |            |
|    fps                  | 773        |
|    iterations           | 6          |
|    time_elapsed         | 66         |
|    total_timesteps      | 51200      |
| timesteps               | 8.7e+05    |
| true/                   |            |
|    cost                 | 0          |
|    forward_kl           | -16.5      |
|    reverse_kl           | 22.9       |
|    reward               | -142       |
|    reward_std           | 8.33       |
|    samples_behind       | 0          |
|    samples_infront      | 0          |
----------------------------------------


















100% 50000/50000 [01:09<00:00, 720.98it/s, ac=0.436, nu=008.8, tc=4468.4, tr=-142.7]
Env id not recognized; skipping plotting of constraint net
  5% 1/20 [00:00<00:09,  1.92it/s]
----------------------------------------
| backward/               |            |
|    cn_loss              | -0.479     |
|    early_stop_itr       | 1          |
|    expert_loss          | -0.0879    |
|    expert_preds_max     | 0.993      |
|    expert_preds_mean    | 0.926      |
|    expert_preds_min     | 0.498      |
|    is_max               | 8.22e-05   |
|    is_mean              | 4.25e-05   |
|    is_min               | 2.22e-07   |
|    kl_new_old           | 3.18e-12   |
|    kl_old_new           | 11.5       |
|    nominal_loss         | -0.567     |
|    nominal_preds_max    | 0.873      |
|    nominal_preds_mean   | 0.578      |
|    nominal_preds_min    | 0.483      |
|    regularizer_loss     | 0          |
|    unweighted_nomina... | -0.567     |
| best_true/              |            |
|    best_cost            | 0          |
|    best_forward_kl      | -20.2      |
|    best_reverse_kl      | 1.44       |
|    best_reward          | -2.6       |
| forward/                |            |
|    approx_kl            | 0.0        |
|    average_cost         | 0.43637156 |
|    clip_fraction        | 0          |
|    clip_range           | 0.2        |
|    cost_explained_va... | -2.61      |
|    cost_value_loss      | 33.2       |
|    early_stop_epoch     | 10         |
|    entropy_loss         | -6.14e-07  |
|    learning_rate        | 0.0003     |
|    loss                 | 97.8       |
|    mean_cost_advantages | 0.2353205  |
|    mean_reward_advan... | 0.2769514  |
|    n_updates            | 900        |
|    nu                   | 8.92       |
|    nu_loss              | -3.85      |
|    policy_gradient_loss | -2.01e-09  |
|    reward_explained_... | -10.5      |
|    reward_value_loss    | 97.3       |
|    total_cost           | 4468.445   |
| iteration               | 17         |
| learning_rate           | 0.003      |
| rollout/                |            |
|    ep_len_mean          | 200        |
|    ep_rew_mean          | -143       |
| time(m)                 | 16.8       |
| time/                   |            |
|    fps                  | 738        |
|    iterations           | 6          |
|    time_elapsed         | 69         |
|    total_timesteps      | 51200      |
| timesteps               | 9.22e+05   |
| true/                   |            |
|    cost                 | 0          |
|    forward_kl           | -20.2      |
|    reverse_kl           | 26.5       |
|    reward               | -138       |
|    reward_std           | 7.64       |
|    samples_behind       | 0          |
|    samples_infront      | 0          |
----------------------------------------



















100% 50000/50000 [01:04<00:00, 777.53it/s, ac=0.482, nu=009.3, tc=4937.4, tr=-141.0]
  5% 1/20 [00:00<00:00, 78.65it/s]
Env id not recognized; skipping plotting of constraint net
----------------------------------------
| backward/               |            |
|    cn_loss              | -0.618     |
|    early_stop_itr       | 1          |
|    expert_loss          | -0.108     |
|    expert_preds_max     | 0.992      |
|    expert_preds_mean    | 0.912      |
|    expert_preds_min     | 0.426      |
|    is_max               | 8.09e-08   |
|    is_mean              | 3.02e-08   |
|    is_min               | 5.77e-11   |
|    kl_new_old           | -1.42e-15  |
|    kl_old_new           | 11.5       |
|    nominal_loss         | -0.726     |
|    nominal_preds_max    | 0.842      |
|    nominal_preds_mean   | 0.495      |
|    nominal_preds_min    | 0.409      |
|    regularizer_loss     | 0          |
|    unweighted_nomina... | -0.726     |
| best_true/              |            |
|    best_cost            | 0          |
|    best_forward_kl      | -24.3      |
|    best_reverse_kl      | 1.44       |
|    best_reward          | -2.6       |
| forward/                |            |
|    approx_kl            | 0.0        |
|    average_cost         | 0.4821717  |
|    clip_fraction        | 0          |
|    clip_range           | 0.2        |
|    cost_explained_va... | -2.67      |
|    cost_value_loss      | 40.3       |
|    early_stop_epoch     | 10         |
|    entropy_loss         | -9.28e-07  |
|    learning_rate        | 0.0003     |
|    loss                 | 52.3       |
|    mean_cost_advantages | 0.26773423 |
|    mean_reward_advan... | 0.28691858 |
|    n_updates            | 950        |
|    nu                   | 9.38       |
|    nu_loss              | -4.48      |
|    policy_gradient_loss | 3.44e-10   |
|    reward_explained_... | -10.2      |
|    reward_value_loss    | 92.7       |
|    total_cost           | 4937.4385  |
| iteration               | 18         |
| learning_rate           | 0.003      |
| rollout/                |            |
|    ep_len_mean          | 200        |
|    ep_rew_mean          | -141       |
| time(m)                 | 18         |
| time/                   |            |
|    fps                  | 796        |
|    iterations           | 6          |
|    time_elapsed         | 64         |
|    total_timesteps      | 51200      |
| timesteps               | 9.73e+05   |
| true/                   |            |
|    cost                 | 0          |
|    forward_kl           | -24.3      |
|    reverse_kl           | 31.6       |
|    reward               | -143       |
|    reward_std           | 8.16       |
|    samples_behind       | 0          |
|    samples_infront      | 0          |
----------------------------------------



















100% 50000/50000 [01:14<00:00, 674.48it/s, ac=0.568, nu=009.8, tc=5815.9, tr=-141.8]
Env id not recognized; skipping plotting of constraint net
  5% 1/20 [00:00<00:09,  1.97it/s]
----------------------------------------
| backward/               |            |
|    cn_loss              | -0.715     |
|    early_stop_itr       | 1          |
|    expert_loss          | -0.135     |
|    expert_preds_max     | 0.991      |
|    expert_preds_mean    | 0.894      |
|    expert_preds_min     | 0.349      |
|    is_max               | 6.81e-11   |
|    is_mean              | 3.99e-11   |
|    is_min               | 2.29e-14   |
|    kl_new_old           | 4.34e-20   |
|    kl_old_new           | 11.5       |
|    nominal_loss         | -0.85      |
|    nominal_preds_max    | 0.801      |
|    nominal_preds_mean   | 0.449      |
|    nominal_preds_min    | 0.332      |
|    regularizer_loss     | 0          |
|    unweighted_nomina... | -0.85      |
| best_true/              |            |
|    best_cost            | 0          |
|    best_forward_kl      | -28.3      |
|    best_reverse_kl      | 1.44       |
|    best_reward          | -2.6       |
| forward/                |            |
|    approx_kl            | 0.0        |
|    average_cost         | 0.56796134 |
|    clip_fraction        | 0          |
|    clip_range           | 0.2        |
|    cost_explained_va... | -3.91      |
|    cost_value_loss      | 55.1       |
|    early_stop_epoch     | 10         |
|    entropy_loss         | -7.52e-07  |
|    learning_rate        | 0.0003     |
|    loss                 | 143        |
|    mean_cost_advantages | 0.3602733  |
|    mean_reward_advan... | 0.16893579 |
|    n_updates            | 1000       |
|    nu                   | 9.91       |
|    nu_loss              | -5.57      |
|    policy_gradient_loss | 5.22e-10   |
|    reward_explained_... | -12.6      |
|    reward_value_loss    | 93.3       |
|    total_cost           | 5815.9243  |
| iteration               | 19         |
| learning_rate           | 0.003      |
| rollout/                |            |
|    ep_len_mean          | 200        |
|    ep_rew_mean          | -142       |
| time(m)                 | 19.4       |
| time/                   |            |
|    fps                  | 690        |
|    iterations           | 6          |
|    time_elapsed         | 74         |
|    total_timesteps      | 51200      |
| timesteps               | 1.02e+06   |
| true/                   |            |
|    cost                 | 0          |
|    forward_kl           | -28.3      |
|    reverse_kl           | 34.5       |
|    reward               | -145       |
|    reward_std           | 7.64       |
|    samples_behind       | 0          |
|    samples_infront      | 0          |
----------------------------------------
[32mTime taken: 00.33 hours